<!DOCTYPE html PUBLIC "-//W3C//DTD XHTML 1.1//EN" "http://www.w3.org/TR/xhtml11/DTD/xhtml11.dtd">
<html xmlns="http://www.w3.org/1999/xhtml"><head><title>TestNG Report</title><style type="text/css">table {margin-bottom:10px;border-collapse:collapse;empty-cells:show}th,td {border:1px solid #009;padding:.25em .5em}th {vertical-align:bottom}td {vertical-align:top}table a {font-weight:bold}.stripe td {background-color: #E6EBF9}.num {text-align:right}.passedodd td {background-color: #3F3}.passedeven td {background-color: #0A0}.skippedodd td {background-color: #DDD}.skippedeven td {background-color: #CCC}.failedodd td,.attn {background-color: #F33}.failedeven td,.stripe .attn {background-color: #D00}.stacktrace {white-space:pre;font-family:monospace}.totop {font-size:85%;text-align:center;border-bottom:2px solid #000}</style></head><body><table><tr><th>Test</th><th># Passed</th><th># Skipped</th><th># Failed</th><th>Time (ms)</th><th>Included Groups</th><th>Excluded Groups</th></tr><tr><th colspan="7">TestNG yahoo</th></tr><tr><td><a href="#t0">testngTest</a></td><td class="num">8</td><td class="num">0</td><td class="num attn">2</td><td class="num">292,474</td><td></td><td></td></tr></table><table><thead><tr><th>Class</th><th>Method</th><th>Start</th><th>Time (ms)</th></tr></thead><tbody><tr><th colspan="4">TestNG yahoo</th></tr></tbody><tbody id="t0"><tr><th colspan="4">testngTest &#8212; failed</th></tr><tr class="failedeven"><td rowspan="2">Practiclademo.Practical.Demo1</td><td><a href="#m0">EnterFirstName</a></td><td rowspan="1">1566623632506</td><td rowspan="1">3084</td></tr><tr class="failedeven"><td><a href="#m1">EnterId</a></td><td rowspan="1">1566623592272</td><td rowspan="1">3171</td></tr><tr><th colspan="4">testngTest &#8212; passed</th></tr><tr class="passedeven"><td rowspan="4">Practiclademo.Practical.Demo1</td><td><a href="#m2">SignIn</a></td><td rowspan="1">1566623558503</td><td rowspan="1">3279</td></tr><tr class="passedeven"><td><a href="#m3">Validate</a></td><td rowspan="1">1566623532237</td><td rowspan="1">517</td></tr><tr class="passedeven"><td><a href="#m4">tearDown</a></td><td rowspan="1">1566623695055</td><td rowspan="1">1</td></tr><tr class="passedeven"><td><a href="#m5">validateyahoologo</a></td><td rowspan="1">1566623517051</td><td rowspan="1">151</td></tr><tr class="passedodd"><td rowspan="2">Practiclademo.Practical.Demo2</td><td><a href="#m6">Bellnotification</a></td><td rowspan="1">1566623733357</td><td rowspan="1">170</td></tr><tr class="passedodd"><td><a href="#m7">search</a></td><td rowspan="1">1566623757884</td><td rowspan="1">231</td></tr><tr class="passedeven"><td rowspan="2">Practiclademo.Practical.Demo3</td><td><a href="#m8">logovalid</a></td><td rowspan="1">1566623772341</td><td rowspan="1">152</td></tr><tr class="passedeven"><td><a href="#m9">menuclick</a></td><td rowspan="1">1566623789451</td><td rowspan="1">1516</td></tr></tbody></table><h2>testngTest</h2><h3 id="m0">Practiclademo.Practical.Demo1#EnterFirstName</h3><table class="result"><tr><th>Exception</th></tr><tr><td><div class="stacktrace">org.openqa.selenium.NoSuchElementException: Unable to locate element: {&quot;method&quot;:&quot;id&quot;,&quot;selector&quot;:&quot;login-signin&quot;}
Command duration or timeout: 3.08 seconds
For documentation on this error, please visit: http://seleniumhq.org/exceptions/no_such_element.html
Build info: version: &apos;2.53.0&apos;, revision: &apos;35ae25b&apos;, time: &apos;2016-03-15 16:57:40&apos;
System info: host: &apos;DESKTOP-4FTO22N&apos;, ip: &apos;192.168.1.247&apos;, os.name: &apos;Windows 10&apos;, os.arch: &apos;amd64&apos;, os.version: &apos;10.0&apos;, java.version: &apos;1.8.0_211&apos;
Driver info: org.openqa.selenium.firefox.FirefoxDriver
Capabilities [{applicationCacheEnabled=true, rotatable=false, handlesAlerts=true, databaseEnabled=true, version=45.0.2, platform=WINDOWS, nativeEvents=false, acceptSslCerts=true, webStorageEnabled=true, locationContextEnabled=true, browserName=firefox, takesScreenshot=true, javascriptEnabled=true, cssSelectorsEnabled=true}]
Session ID: 073c5a9b-e0c3-46ae-9a06-99f049bfe32f
*** Element info: {Using=id, value=login-signin}
	at org.openqa.selenium.remote.ErrorHandler.createThrowable(ErrorHandler.java:206)
	at org.openqa.selenium.remote.ErrorHandler.throwIfResponseFailed(ErrorHandler.java:158)
	at org.openqa.selenium.remote.RemoteWebDriver.execute(RemoteWebDriver.java:678)
	at org.openqa.selenium.remote.RemoteWebDriver.findElement(RemoteWebDriver.java:363)
	at org.openqa.selenium.remote.RemoteWebDriver.findElementById(RemoteWebDriver.java:413)
	at org.openqa.selenium.By$ById.findElement(By.java:218)
	at org.openqa.selenium.remote.RemoteWebDriver.findElement(RemoteWebDriver.java:355)
	at Practiclademo.Practical.Demo1.EnterFirstName(Demo1.java:55)
Caused by: org.openqa.selenium.NoSuchElementException: Unable to locate element: {&quot;method&quot;:&quot;id&quot;,&quot;selector&quot;:&quot;login-signin&quot;}
For documentation on this error, please visit: http://seleniumhq.org/exceptions/no_such_element.html
Build info: version: &apos;2.53.0&apos;, revision: &apos;35ae25b&apos;, time: &apos;2016-03-15 16:57:40&apos;
System info: host: &apos;DESKTOP-4FTO22N&apos;, ip: &apos;192.168.1.247&apos;, os.name: &apos;Windows 10&apos;, os.arch: &apos;amd64&apos;, os.version: &apos;10.0&apos;, java.version: &apos;1.8.0_211&apos;
Driver info: driver.version: unknown
	at &lt;anonymous class&gt;.FirefoxDriver.prototype.findElementInternal_(file:///C:/Users/tusha/AppData/Local/Temp/anonymous7866272220446549997webdriver-profile/extensions/fxdriver@googlecode.com/components/driver-component.js:10770)
	at &lt;anonymous class&gt;.fxdriver.Timer.prototype.setTimeout/&lt;.notify(file:///C:/Users/tusha/AppData/Local/Temp/anonymous7866272220446549997webdriver-profile/extensions/fxdriver@googlecode.com/components/driver-component.js:625)
... Removed 28 stack frames</div></td></tr></table><p class="totop"><a href="#summary">back to summary</a></p><h3 id="m1">Practiclademo.Practical.Demo1#EnterId</h3><table class="result"><tr><th>Exception</th></tr><tr><td><div class="stacktrace">org.openqa.selenium.NoSuchElementException: Unable to locate element: {&quot;method&quot;:&quot;id&quot;,&quot;selector&quot;:&quot;login-username&quot;}
Command duration or timeout: 3.16 seconds
For documentation on this error, please visit: http://seleniumhq.org/exceptions/no_such_element.html
Build info: version: &apos;2.53.0&apos;, revision: &apos;35ae25b&apos;, time: &apos;2016-03-15 16:57:40&apos;
System info: host: &apos;DESKTOP-4FTO22N&apos;, ip: &apos;192.168.1.247&apos;, os.name: &apos;Windows 10&apos;, os.arch: &apos;amd64&apos;, os.version: &apos;10.0&apos;, java.version: &apos;1.8.0_211&apos;
Driver info: org.openqa.selenium.firefox.FirefoxDriver
Capabilities [{applicationCacheEnabled=true, rotatable=false, handlesAlerts=true, databaseEnabled=true, version=45.0.2, platform=WINDOWS, nativeEvents=false, acceptSslCerts=true, webStorageEnabled=true, locationContextEnabled=true, browserName=firefox, takesScreenshot=true, javascriptEnabled=true, cssSelectorsEnabled=true}]
Session ID: e697e8b1-5c23-4b7f-afb2-791459706746
*** Element info: {Using=id, value=login-username}
	at org.openqa.selenium.remote.ErrorHandler.createThrowable(ErrorHandler.java:206)
	at org.openqa.selenium.remote.ErrorHandler.throwIfResponseFailed(ErrorHandler.java:158)
	at org.openqa.selenium.remote.RemoteWebDriver.execute(RemoteWebDriver.java:678)
	at org.openqa.selenium.remote.RemoteWebDriver.findElement(RemoteWebDriver.java:363)
	at org.openqa.selenium.remote.RemoteWebDriver.findElementById(RemoteWebDriver.java:413)
	at org.openqa.selenium.By$ById.findElement(By.java:218)
	at org.openqa.selenium.remote.RemoteWebDriver.findElement(RemoteWebDriver.java:355)
	at Practiclademo.Practical.Demo1.EnterId(Demo1.java:51)
Caused by: org.openqa.selenium.NoSuchElementException: Unable to locate element: {&quot;method&quot;:&quot;id&quot;,&quot;selector&quot;:&quot;login-username&quot;}
For documentation on this error, please visit: http://seleniumhq.org/exceptions/no_such_element.html
Build info: version: &apos;2.53.0&apos;, revision: &apos;35ae25b&apos;, time: &apos;2016-03-15 16:57:40&apos;
System info: host: &apos;DESKTOP-4FTO22N&apos;, ip: &apos;192.168.1.247&apos;, os.name: &apos;Windows 10&apos;, os.arch: &apos;amd64&apos;, os.version: &apos;10.0&apos;, java.version: &apos;1.8.0_211&apos;
Driver info: driver.version: unknown
	at &lt;anonymous class&gt;.FirefoxDriver.prototype.findElementInternal_(file:///C:/Users/tusha/AppData/Local/Temp/anonymous655749907855451519webdriver-profile/extensions/fxdriver@googlecode.com/components/driver-component.js:10770)
	at &lt;anonymous class&gt;.fxdriver.Timer.prototype.setTimeout/&lt;.notify(file:///C:/Users/tusha/AppData/Local/Temp/anonymous655749907855451519webdriver-profile/extensions/fxdriver@googlecode.com/components/driver-component.js:625)
... Removed 28 stack frames</div></td></tr></table><p class="totop"><a href="#summary">back to summary</a></p><h3 id="m2">Practiclademo.Practical.Demo1#SignIn</h3><table class="result"></table><p class="totop"><a href="#summary">back to summary</a></p><h3 id="m3">Practiclademo.Practical.Demo1#Validate</h3><table class="result"></table><p class="totop"><a href="#summary">back to summary</a></p><h3 id="m4">Practiclademo.Practical.Demo1#tearDown</h3><table class="result"></table><p class="totop"><a href="#summary">back to summary</a></p><h3 id="m5">Practiclademo.Practical.Demo1#validateyahoologo</h3><table class="result"></table><p class="totop"><a href="#summary">back to summary</a></p><h3 id="m6">Practiclademo.Practical.Demo2#Bellnotification</h3><table class="result"></table><p class="totop"><a href="#summary">back to summary</a></p><h3 id="m7">Practiclademo.Practical.Demo2#search</h3><table class="result"></table><p class="totop"><a href="#summary">back to summary</a></p><h3 id="m8">Practiclademo.Practical.Demo3#logovalid</h3><table class="result"></table><p class="totop"><a href="#summary">back to summary</a></p><h3 id="m9">Practiclademo.Practical.Demo3#menuclick</h3><table class="result"></table><p class="totop"><a href="#summary">back to summary</a></p></body></html>