<?xml version="1.0" encoding="UTF-8"?>
<testng-results skipped="0" failed="2" total="10" passed="8">
  <reporter-output>
  </reporter-output>
  <suite name="TestNG yahoo" duration-ms="292474" started-at="2019-08-24T05:11:41Z" finished-at="2019-08-24T05:16:33Z">
    <groups>
      <group name="logo">
        <method signature="Demo1.validateyahoologo()[pri:1, instance:Practiclademo.Practical.Demo1@3f3afe78]" name="validateyahoologo" class="Practiclademo.Practical.Demo1"/>
      </group> <!-- logo -->
      <group name="Login">
        <method signature="Demo1.EnterFirstName()[pri:5, instance:Practiclademo.Practical.Demo1@3f3afe78]" name="EnterFirstName" class="Practiclademo.Practical.Demo1"/>
        <method signature="Demo1.EnterId()[pri:4, instance:Practiclademo.Practical.Demo1@3f3afe78]" name="EnterId" class="Practiclademo.Practical.Demo1"/>
        <method signature="Demo1.tearDown()[pri:9, instance:Practiclademo.Practical.Demo1@3f3afe78]" name="tearDown" class="Practiclademo.Practical.Demo1"/>
      </group> <!-- Login -->
      <group name="singin">
        <method signature="Demo1.SignIn()[pri:3, instance:Practiclademo.Practical.Demo1@3f3afe78]" name="SignIn" class="Practiclademo.Practical.Demo1"/>
      </group> <!-- singin -->
      <group name="title">
        <method signature="Demo1.Validate()[pri:2, instance:Practiclademo.Practical.Demo1@3f3afe78]" name="Validate" class="Practiclademo.Practical.Demo1"/>
      </group> <!-- title -->
    </groups>
    <test name="testngTest" duration-ms="292474" started-at="2019-08-24T05:11:41Z" finished-at="2019-08-24T05:16:33Z">
      <class name="Practiclademo.Practical.Demo2">
        <test-method status="PASS" signature="SetUp()[pri:0, instance:Practiclademo.Practical.Demo2@7f63425a]" name="SetUp" is-config="true" duration-ms="38298" started-at="2019-08-24T01:14:55Z" finished-at="2019-08-24T01:15:33Z">
          <reporter-output>
          </reporter-output>
        </test-method> <!-- SetUp -->
        <test-method status="PASS" signature="Bellnotification()[pri:0, instance:Practiclademo.Practical.Demo2@7f63425a]" name="Bellnotification" duration-ms="170" started-at="2019-08-24T01:15:33Z" finished-at="2019-08-24T01:15:33Z">
          <reporter-output>
          </reporter-output>
        </test-method> <!-- Bellnotification -->
        <test-method status="PASS" signature="tearDown()[pri:0, instance:Practiclademo.Practical.Demo2@7f63425a]" name="tearDown" is-config="true" duration-ms="1637" started-at="2019-08-24T01:15:33Z" finished-at="2019-08-24T01:15:35Z">
          <reporter-output>
          </reporter-output>
        </test-method> <!-- tearDown -->
        <test-method status="PASS" signature="SetUp()[pri:0, instance:Practiclademo.Practical.Demo2@7f63425a]" name="SetUp" is-config="true" duration-ms="22718" started-at="2019-08-24T01:15:35Z" finished-at="2019-08-24T01:15:57Z">
          <reporter-output>
          </reporter-output>
        </test-method> <!-- SetUp -->
        <test-method status="PASS" signature="search()[pri:0, instance:Practiclademo.Practical.Demo2@7f63425a]" name="search" duration-ms="231" started-at="2019-08-24T01:15:57Z" finished-at="2019-08-24T01:15:58Z">
          <reporter-output>
          </reporter-output>
        </test-method> <!-- search -->
        <test-method status="PASS" signature="tearDown()[pri:0, instance:Practiclademo.Practical.Demo2@7f63425a]" name="tearDown" is-config="true" duration-ms="979" started-at="2019-08-24T01:15:58Z" finished-at="2019-08-24T01:15:59Z">
          <reporter-output>
          </reporter-output>
        </test-method> <!-- tearDown -->
      </class> <!-- Practiclademo.Practical.Demo2 -->
      <class name="Practiclademo.Practical.Demo3">
        <test-method status="PASS" signature="SetUp()[pri:0, instance:Practiclademo.Practical.Demo3@36d64342]" name="SetUp" is-config="true" duration-ms="13244" started-at="2019-08-24T01:15:59Z" finished-at="2019-08-24T01:16:12Z">
          <reporter-output>
          </reporter-output>
        </test-method> <!-- SetUp -->
        <test-method status="PASS" signature="logovalid()[pri:0, instance:Practiclademo.Practical.Demo3@36d64342]" name="logovalid" duration-ms="152" started-at="2019-08-24T01:16:12Z" finished-at="2019-08-24T01:16:12Z">
          <reporter-output>
          </reporter-output>
        </test-method> <!-- logovalid -->
        <test-method status="PASS" signature="tearDown()[pri:0, instance:Practiclademo.Practical.Demo3@36d64342]" name="tearDown" is-config="true" duration-ms="754" started-at="2019-08-24T01:16:12Z" finished-at="2019-08-24T01:16:13Z">
          <reporter-output>
          </reporter-output>
        </test-method> <!-- tearDown -->
        <test-method status="PASS" signature="SetUp()[pri:0, instance:Practiclademo.Practical.Demo3@36d64342]" name="SetUp" is-config="true" duration-ms="16203" started-at="2019-08-24T01:16:13Z" finished-at="2019-08-24T01:16:29Z">
          <reporter-output>
          </reporter-output>
        </test-method> <!-- SetUp -->
        <test-method status="PASS" signature="menuclick()[pri:0, instance:Practiclademo.Practical.Demo3@36d64342]" name="menuclick" duration-ms="1516" started-at="2019-08-24T01:16:29Z" finished-at="2019-08-24T01:16:30Z">
          <reporter-output>
          </reporter-output>
        </test-method> <!-- menuclick -->
        <test-method status="PASS" signature="tearDown()[pri:0, instance:Practiclademo.Practical.Demo3@36d64342]" name="tearDown" is-config="true" duration-ms="2660" started-at="2019-08-24T01:16:30Z" finished-at="2019-08-24T01:16:33Z">
          <reporter-output>
          </reporter-output>
        </test-method> <!-- tearDown -->
      </class> <!-- Practiclademo.Practical.Demo3 -->
      <class name="Practiclademo.Practical.Demo1">
        <test-method status="PASS" signature="SetUp()[pri:0, instance:Practiclademo.Practical.Demo1@3f3afe78]" name="SetUp" is-config="true" duration-ms="15878" started-at="2019-08-24T01:11:41Z" finished-at="2019-08-24T01:11:57Z">
          <reporter-output>
          </reporter-output>
        </test-method> <!-- SetUp -->
        <test-method status="PASS" signature="validateyahoologo()[pri:1, instance:Practiclademo.Practical.Demo1@3f3afe78]" name="validateyahoologo" duration-ms="151" started-at="2019-08-24T01:11:57Z" finished-at="2019-08-24T01:11:57Z">
          <reporter-output>
          </reporter-output>
        </test-method> <!-- validateyahoologo -->
        <test-method status="PASS" signature="tearDown()[pri:0, instance:Practiclademo.Practical.Demo1@3f3afe78]" name="tearDown" is-config="true" duration-ms="1" started-at="2019-08-24T01:11:57Z" finished-at="2019-08-24T01:11:57Z">
          <reporter-output>
          </reporter-output>
        </test-method> <!-- tearDown -->
        <test-method status="PASS" signature="SetUp()[pri:0, instance:Practiclademo.Practical.Demo1@3f3afe78]" name="SetUp" is-config="true" duration-ms="15030" started-at="2019-08-24T01:11:57Z" finished-at="2019-08-24T01:12:12Z">
          <reporter-output>
          </reporter-output>
        </test-method> <!-- SetUp -->
        <test-method status="PASS" signature="Validate()[pri:2, instance:Practiclademo.Practical.Demo1@3f3afe78]" name="Validate" duration-ms="517" started-at="2019-08-24T01:12:12Z" finished-at="2019-08-24T01:12:12Z">
          <reporter-output>
          </reporter-output>
        </test-method> <!-- Validate -->
        <test-method status="PASS" signature="tearDown()[pri:0, instance:Practiclademo.Practical.Demo1@3f3afe78]" name="tearDown" is-config="true" duration-ms="0" started-at="2019-08-24T01:12:12Z" finished-at="2019-08-24T01:12:12Z">
          <reporter-output>
          </reporter-output>
        </test-method> <!-- tearDown -->
        <test-method status="PASS" signature="SetUp()[pri:0, instance:Practiclademo.Practical.Demo1@3f3afe78]" name="SetUp" is-config="true" duration-ms="25741" started-at="2019-08-24T01:12:12Z" finished-at="2019-08-24T01:12:38Z">
          <reporter-output>
          </reporter-output>
        </test-method> <!-- SetUp -->
        <test-method status="PASS" signature="SignIn()[pri:3, instance:Practiclademo.Practical.Demo1@3f3afe78]" name="SignIn" duration-ms="3279" started-at="2019-08-24T01:12:38Z" finished-at="2019-08-24T01:12:41Z">
          <reporter-output>
          </reporter-output>
        </test-method> <!-- SignIn -->
        <test-method status="PASS" signature="tearDown()[pri:0, instance:Practiclademo.Practical.Demo1@3f3afe78]" name="tearDown" is-config="true" duration-ms="1" started-at="2019-08-24T01:12:41Z" finished-at="2019-08-24T01:12:41Z">
          <reporter-output>
          </reporter-output>
        </test-method> <!-- tearDown -->
        <test-method status="PASS" signature="SetUp()[pri:0, instance:Practiclademo.Practical.Demo1@3f3afe78]" name="SetUp" is-config="true" duration-ms="30487" started-at="2019-08-24T01:12:41Z" finished-at="2019-08-24T01:13:12Z">
          <reporter-output>
          </reporter-output>
        </test-method> <!-- SetUp -->
        <test-method status="FAIL" signature="EnterId()[pri:4, instance:Practiclademo.Practical.Demo1@3f3afe78]" name="EnterId" duration-ms="3171" started-at="2019-08-24T01:13:12Z" finished-at="2019-08-24T01:13:15Z">
          <exception class="org.openqa.selenium.NoSuchElementException">
            <message>
              <![CDATA[Unable to locate element: {"method":"id","selector":"login-username"}
Command duration or timeout: 3.16 seconds
For documentation on this error, please visit: http://seleniumhq.org/exceptions/no_such_element.html
Build info: version: '2.53.0', revision: '35ae25b', time: '2016-03-15 16:57:40'
System info: host: 'DESKTOP-4FTO22N', ip: '192.168.1.247', os.name: 'Windows 10', os.arch: 'amd64', os.version: '10.0', java.version: '1.8.0_211'
Driver info: org.openqa.selenium.firefox.FirefoxDriver
Capabilities [{applicationCacheEnabled=true, rotatable=false, handlesAlerts=true, databaseEnabled=true, version=45.0.2, platform=WINDOWS, nativeEvents=false, acceptSslCerts=true, webStorageEnabled=true, locationContextEnabled=true, browserName=firefox, takesScreenshot=true, javascriptEnabled=true, cssSelectorsEnabled=true}]
Session ID: e697e8b1-5c23-4b7f-afb2-791459706746
*** Element info: {Using=id, value=login-username}]]>
            </message>
            <full-stacktrace>
              <![CDATA[org.openqa.selenium.NoSuchElementException: Unable to locate element: {"method":"id","selector":"login-username"}
Command duration or timeout: 3.16 seconds
For documentation on this error, please visit: http://seleniumhq.org/exceptions/no_such_element.html
Build info: version: '2.53.0', revision: '35ae25b', time: '2016-03-15 16:57:40'
System info: host: 'DESKTOP-4FTO22N', ip: '192.168.1.247', os.name: 'Windows 10', os.arch: 'amd64', os.version: '10.0', java.version: '1.8.0_211'
Driver info: org.openqa.selenium.firefox.FirefoxDriver
Capabilities [{applicationCacheEnabled=true, rotatable=false, handlesAlerts=true, databaseEnabled=true, version=45.0.2, platform=WINDOWS, nativeEvents=false, acceptSslCerts=true, webStorageEnabled=true, locationContextEnabled=true, browserName=firefox, takesScreenshot=true, javascriptEnabled=true, cssSelectorsEnabled=true}]
Session ID: e697e8b1-5c23-4b7f-afb2-791459706746
*** Element info: {Using=id, value=login-username}
	at sun.reflect.NativeConstructorAccessorImpl.newInstance0(Native Method)
	at sun.reflect.NativeConstructorAccessorImpl.newInstance(Unknown Source)
	at sun.reflect.DelegatingConstructorAccessorImpl.newInstance(Unknown Source)
	at java.lang.reflect.Constructor.newInstance(Unknown Source)
	at org.openqa.selenium.remote.ErrorHandler.createThrowable(ErrorHandler.java:206)
	at org.openqa.selenium.remote.ErrorHandler.throwIfResponseFailed(ErrorHandler.java:158)
	at org.openqa.selenium.remote.RemoteWebDriver.execute(RemoteWebDriver.java:678)
	at org.openqa.selenium.remote.RemoteWebDriver.findElement(RemoteWebDriver.java:363)
	at org.openqa.selenium.remote.RemoteWebDriver.findElementById(RemoteWebDriver.java:413)
	at org.openqa.selenium.By$ById.findElement(By.java:218)
	at org.openqa.selenium.remote.RemoteWebDriver.findElement(RemoteWebDriver.java:355)
	at Practiclademo.Practical.Demo1.EnterId(Demo1.java:51)
	at sun.reflect.NativeMethodAccessorImpl.invoke0(Native Method)
	at sun.reflect.NativeMethodAccessorImpl.invoke(Unknown Source)
	at sun.reflect.DelegatingMethodAccessorImpl.invoke(Unknown Source)
	at java.lang.reflect.Method.invoke(Unknown Source)
	at org.testng.internal.MethodInvocationHelper.invokeMethod(MethodInvocationHelper.java:86)
	at org.testng.internal.Invoker.invokeMethod(Invoker.java:645)
	at org.testng.internal.Invoker.invokeTestMethod(Invoker.java:822)
	at org.testng.internal.Invoker.invokeTestMethods(Invoker.java:1130)
	at org.testng.internal.TestMethodWorker.invokeTestMethods(TestMethodWorker.java:129)
	at org.testng.internal.TestMethodWorker.run(TestMethodWorker.java:112)
	at org.testng.TestRunner.privateRun(TestRunner.java:782)
	at org.testng.TestRunner.run(TestRunner.java:632)
	at org.testng.SuiteRunner.runTest(SuiteRunner.java:366)
	at org.testng.SuiteRunner.runSequentially(SuiteRunner.java:361)
	at org.testng.SuiteRunner.privateRun(SuiteRunner.java:319)
	at org.testng.SuiteRunner.run(SuiteRunner.java:268)
	at org.testng.SuiteRunnerWorker.runSuite(SuiteRunnerWorker.java:52)
	at org.testng.SuiteRunnerWorker.run(SuiteRunnerWorker.java:86)
	at org.testng.TestNG.runSuitesSequentially(TestNG.java:1244)
	at org.testng.TestNG.runSuitesLocally(TestNG.java:1169)
	at org.testng.TestNG.run(TestNG.java:1064)
	at org.testng.remote.RemoteTestNG.run(RemoteTestNG.java:113)
	at org.testng.remote.RemoteTestNG.initAndRun(RemoteTestNG.java:206)
	at org.testng.remote.RemoteTestNG.main(RemoteTestNG.java:177)
Caused by: org.openqa.selenium.NoSuchElementException: Unable to locate element: {"method":"id","selector":"login-username"}
For documentation on this error, please visit: http://seleniumhq.org/exceptions/no_such_element.html
Build info: version: '2.53.0', revision: '35ae25b', time: '2016-03-15 16:57:40'
System info: host: 'DESKTOP-4FTO22N', ip: '192.168.1.247', os.name: 'Windows 10', os.arch: 'amd64', os.version: '10.0', java.version: '1.8.0_211'
Driver info: driver.version: unknown
	at <anonymous class>.FirefoxDriver.prototype.findElementInternal_(file:///C:/Users/tusha/AppData/Local/Temp/anonymous655749907855451519webdriver-profile/extensions/fxdriver@googlecode.com/components/driver-component.js:10770)
	at <anonymous class>.fxdriver.Timer.prototype.setTimeout/<.notify(file:///C:/Users/tusha/AppData/Local/Temp/anonymous655749907855451519webdriver-profile/extensions/fxdriver@googlecode.com/components/driver-component.js:625)
]]>
            </full-stacktrace>
          </exception> <!-- org.openqa.selenium.NoSuchElementException -->
          <reporter-output>
          </reporter-output>
        </test-method> <!-- EnterId -->
        <test-method status="PASS" signature="tearDown()[pri:0, instance:Practiclademo.Practical.Demo1@3f3afe78]" name="tearDown" is-config="true" duration-ms="0" started-at="2019-08-24T01:13:15Z" finished-at="2019-08-24T01:13:15Z">
          <reporter-output>
          </reporter-output>
        </test-method> <!-- tearDown -->
        <test-method status="PASS" signature="SetUp()[pri:0, instance:Practiclademo.Practical.Demo1@3f3afe78]" name="SetUp" is-config="true" duration-ms="37034" started-at="2019-08-24T01:13:15Z" finished-at="2019-08-24T01:13:52Z">
          <reporter-output>
          </reporter-output>
        </test-method> <!-- SetUp -->
        <test-method status="FAIL" signature="EnterFirstName()[pri:5, instance:Practiclademo.Practical.Demo1@3f3afe78]" name="EnterFirstName" duration-ms="3084" started-at="2019-08-24T01:13:52Z" finished-at="2019-08-24T01:13:55Z">
          <exception class="org.openqa.selenium.NoSuchElementException">
            <message>
              <![CDATA[Unable to locate element: {"method":"id","selector":"login-signin"}
Command duration or timeout: 3.08 seconds
For documentation on this error, please visit: http://seleniumhq.org/exceptions/no_such_element.html
Build info: version: '2.53.0', revision: '35ae25b', time: '2016-03-15 16:57:40'
System info: host: 'DESKTOP-4FTO22N', ip: '192.168.1.247', os.name: 'Windows 10', os.arch: 'amd64', os.version: '10.0', java.version: '1.8.0_211'
Driver info: org.openqa.selenium.firefox.FirefoxDriver
Capabilities [{applicationCacheEnabled=true, rotatable=false, handlesAlerts=true, databaseEnabled=true, version=45.0.2, platform=WINDOWS, nativeEvents=false, acceptSslCerts=true, webStorageEnabled=true, locationContextEnabled=true, browserName=firefox, takesScreenshot=true, javascriptEnabled=true, cssSelectorsEnabled=true}]
Session ID: 073c5a9b-e0c3-46ae-9a06-99f049bfe32f
*** Element info: {Using=id, value=login-signin}]]>
            </message>
            <full-stacktrace>
              <![CDATA[org.openqa.selenium.NoSuchElementException: Unable to locate element: {"method":"id","selector":"login-signin"}
Command duration or timeout: 3.08 seconds
For documentation on this error, please visit: http://seleniumhq.org/exceptions/no_such_element.html
Build info: version: '2.53.0', revision: '35ae25b', time: '2016-03-15 16:57:40'
System info: host: 'DESKTOP-4FTO22N', ip: '192.168.1.247', os.name: 'Windows 10', os.arch: 'amd64', os.version: '10.0', java.version: '1.8.0_211'
Driver info: org.openqa.selenium.firefox.FirefoxDriver
Capabilities [{applicationCacheEnabled=true, rotatable=false, handlesAlerts=true, databaseEnabled=true, version=45.0.2, platform=WINDOWS, nativeEvents=false, acceptSslCerts=true, webStorageEnabled=true, locationContextEnabled=true, browserName=firefox, takesScreenshot=true, javascriptEnabled=true, cssSelectorsEnabled=true}]
Session ID: 073c5a9b-e0c3-46ae-9a06-99f049bfe32f
*** Element info: {Using=id, value=login-signin}
	at sun.reflect.NativeConstructorAccessorImpl.newInstance0(Native Method)
	at sun.reflect.NativeConstructorAccessorImpl.newInstance(Unknown Source)
	at sun.reflect.DelegatingConstructorAccessorImpl.newInstance(Unknown Source)
	at java.lang.reflect.Constructor.newInstance(Unknown Source)
	at org.openqa.selenium.remote.ErrorHandler.createThrowable(ErrorHandler.java:206)
	at org.openqa.selenium.remote.ErrorHandler.throwIfResponseFailed(ErrorHandler.java:158)
	at org.openqa.selenium.remote.RemoteWebDriver.execute(RemoteWebDriver.java:678)
	at org.openqa.selenium.remote.RemoteWebDriver.findElement(RemoteWebDriver.java:363)
	at org.openqa.selenium.remote.RemoteWebDriver.findElementById(RemoteWebDriver.java:413)
	at org.openqa.selenium.By$ById.findElement(By.java:218)
	at org.openqa.selenium.remote.RemoteWebDriver.findElement(RemoteWebDriver.java:355)
	at Practiclademo.Practical.Demo1.EnterFirstName(Demo1.java:55)
	at sun.reflect.NativeMethodAccessorImpl.invoke0(Native Method)
	at sun.reflect.NativeMethodAccessorImpl.invoke(Unknown Source)
	at sun.reflect.DelegatingMethodAccessorImpl.invoke(Unknown Source)
	at java.lang.reflect.Method.invoke(Unknown Source)
	at org.testng.internal.MethodInvocationHelper.invokeMethod(MethodInvocationHelper.java:86)
	at org.testng.internal.Invoker.invokeMethod(Invoker.java:645)
	at org.testng.internal.Invoker.invokeTestMethod(Invoker.java:822)
	at org.testng.internal.Invoker.invokeTestMethods(Invoker.java:1130)
	at org.testng.internal.TestMethodWorker.invokeTestMethods(TestMethodWorker.java:129)
	at org.testng.internal.TestMethodWorker.run(TestMethodWorker.java:112)
	at org.testng.TestRunner.privateRun(TestRunner.java:782)
	at org.testng.TestRunner.run(TestRunner.java:632)
	at org.testng.SuiteRunner.runTest(SuiteRunner.java:366)
	at org.testng.SuiteRunner.runSequentially(SuiteRunner.java:361)
	at org.testng.SuiteRunner.privateRun(SuiteRunner.java:319)
	at org.testng.SuiteRunner.run(SuiteRunner.java:268)
	at org.testng.SuiteRunnerWorker.runSuite(SuiteRunnerWorker.java:52)
	at org.testng.SuiteRunnerWorker.run(SuiteRunnerWorker.java:86)
	at org.testng.TestNG.runSuitesSequentially(TestNG.java:1244)
	at org.testng.TestNG.runSuitesLocally(TestNG.java:1169)
	at org.testng.TestNG.run(TestNG.java:1064)
	at org.testng.remote.RemoteTestNG.run(RemoteTestNG.java:113)
	at org.testng.remote.RemoteTestNG.initAndRun(RemoteTestNG.java:206)
	at org.testng.remote.RemoteTestNG.main(RemoteTestNG.java:177)
Caused by: org.openqa.selenium.NoSuchElementException: Unable to locate element: {"method":"id","selector":"login-signin"}
For documentation on this error, please visit: http://seleniumhq.org/exceptions/no_such_element.html
Build info: version: '2.53.0', revision: '35ae25b', time: '2016-03-15 16:57:40'
System info: host: 'DESKTOP-4FTO22N', ip: '192.168.1.247', os.name: 'Windows 10', os.arch: 'amd64', os.version: '10.0', java.version: '1.8.0_211'
Driver info: driver.version: unknown
	at <anonymous class>.FirefoxDriver.prototype.findElementInternal_(file:///C:/Users/tusha/AppData/Local/Temp/anonymous7866272220446549997webdriver-profile/extensions/fxdriver@googlecode.com/components/driver-component.js:10770)
	at <anonymous class>.fxdriver.Timer.prototype.setTimeout/<.notify(file:///C:/Users/tusha/AppData/Local/Temp/anonymous7866272220446549997webdriver-profile/extensions/fxdriver@googlecode.com/components/driver-component.js:625)
]]>
            </full-stacktrace>
          </exception> <!-- org.openqa.selenium.NoSuchElementException -->
          <reporter-output>
          </reporter-output>
        </test-method> <!-- EnterFirstName -->
        <test-method status="PASS" signature="tearDown()[pri:0, instance:Practiclademo.Practical.Demo1@3f3afe78]" name="tearDown" is-config="true" duration-ms="1" started-at="2019-08-24T01:13:55Z" finished-at="2019-08-24T01:13:55Z">
          <reporter-output>
          </reporter-output>
        </test-method> <!-- tearDown -->
        <test-method status="PASS" signature="SetUp()[pri:0, instance:Practiclademo.Practical.Demo1@3f3afe78]" name="SetUp" is-config="true" duration-ms="59459" started-at="2019-08-24T01:13:55Z" finished-at="2019-08-24T01:14:55Z">
          <reporter-output>
          </reporter-output>
        </test-method> <!-- SetUp -->
        <test-method status="PASS" signature="tearDown()[pri:9, instance:Practiclademo.Practical.Demo1@3f3afe78]" name="tearDown" duration-ms="1" started-at="2019-08-24T01:14:55Z" finished-at="2019-08-24T01:14:55Z">
          <reporter-output>
          </reporter-output>
        </test-method> <!-- tearDown -->
        <test-method status="PASS" signature="tearDown()[pri:0, instance:Practiclademo.Practical.Demo1@3f3afe78]" name="tearDown" is-config="true" duration-ms="0" started-at="2019-08-24T01:14:55Z" finished-at="2019-08-24T01:14:55Z">
          <reporter-output>
          </reporter-output>
        </test-method> <!-- tearDown -->
      </class> <!-- Practiclademo.Practical.Demo1 -->
    </test> <!-- testngTest -->
  </suite> <!-- TestNG yahoo -->
</testng-results>
